13:14:50 - TEST [dataTypeTest_BIGINT.json] PASSED
13:14:50 - TEST successful operations: 41
13:14:50 - TEST [dataTypeTest_BIGSERIAL.json] PASSED
13:14:50 - TEST successful operations: 37
13:14:50 - TEST [dataTypeTest_BOOLEAN.json]  FAILED
13:14:50 - TEST successful operations: 8
13:14:50 - TEST errors: 1
13:14:50 - TEST fatal errors: 1 
13:14:51 - TEST [dataTypeTest_CHAR.json] PASSED
13:14:51 - TEST successful operations: 179
13:14:51 - TEST [dataTypeTest_DATE.json] PASSED
13:14:51 - TEST successful operations: 84
13:14:51 - TEST [dataTypeTest_DATETIME0.json]  FAILED
13:14:51 - TEST successful operations: 11
13:14:51 - TEST errors: 1
13:14:51 - TEST fatal errors: 1 
13:14:51 - TEST [dataTypeTest_DATETIME1.json]  FAILED
13:14:51 - TEST successful operations: 10
13:14:51 - TEST errors: 2
13:14:51 - TEST fatal errors: 1 
13:14:51 - TEST [dataTypeTest_DATETIME2.json]  FAILED
13:14:51 - TEST successful operations: 10
13:14:51 - TEST errors: 2
13:14:51 - TEST fatal errors: 1 
13:14:51 - TEST [dataTypeTest_DATETIME3.json]  FAILED
13:14:51 - TEST successful operations: 10
13:14:51 - TEST errors: 2
13:14:51 - TEST fatal errors: 1 
13:14:51 - TEST [dataTypeTest_DATETIME4.json]  FAILED
13:14:51 - TEST successful operations: 10
13:14:51 - TEST errors: 2
13:14:51 - TEST fatal errors: 1 
13:14:51 - TEST [dataTypeTest_DATETIME5.json]  FAILED
13:14:51 - TEST successful operations: 10
13:14:51 - TEST errors: 2
13:14:51 - TEST fatal errors: 1 
13:14:52 - TEST [dataTypeTest_DECIMAL.json] PASSED
13:14:52 - TEST successful operations: 87
13:14:52 - TEST [dataTypeTest_INT.json] PASSED
13:14:52 - TEST successful operations: 87
13:14:52 - TEST [dataTypeTest_INT8.json] PASSED
13:14:52 - TEST successful operations: 41
13:14:53 - TEST [dataTypeTest_LVARCHAR.json] PASSED
13:14:53 - TEST successful operations: 102
13:14:53 - TEST [dataTypeTest_NVARCHAR.json] PASSED
13:14:53 - TEST successful operations: 156
13:14:56 - TEST [dataTypeTest_SERIAL.json] PASSED
13:14:56 - TEST successful operations: 37
13:14:57 - TEST [dataTypeTest_SERIAL8.json] PASSED
13:14:57 - TEST successful operations: 37
13:14:57 - TEST [dataTypeTest_SMALLFLOAT.json] PASSED
13:14:57 - TEST successful operations: 87
13:14:57 - TEST [dataTypeTest_SMALLINT.json] PASSED
13:14:57 - TEST successful operations: 41
13:14:58 - TEST [dataTypeTest_VARCHAR.json] PASSED
13:14:58 - TEST successful operations: 225
13:14:58 - TEST [ops.json] PASSED
13:14:58 - TEST successful operations: 20
13:14:59 - TEST [preparedStatementTest_1.json] PASSED
13:14:59 - TEST successful operations: 53
13:14:59 - TEST [preparedStatementTest_2.json]  FAILED
13:14:59 - TEST successful operations: 40
13:14:59 - TEST errors: 1
13:14:59 - TEST fatal errors: 1 
13:14:59 - TEST [transactionTest.json] PASSED
13:14:59 - TEST successful operations: 20
